<?xml version="1.0" encoding="UTF-8"?>
<testsuite name="Regression Test"
           tests="2"
           failures="0"
           errors="0"
           skipped="0"
           time="16.878">
  <properties />
  
  
            <testcase name="verifyProductArrangeInAlphabeticalOrder" time="2.160" classname="com.tutorialsninja.demo.testsuite.DesktopsTest" />
                <testcase name="verifyProductAddedToShoppingCartSuccessFully" time="14.718" classname="com.tutorialsninja.demo.testsuite.DesktopsTest" />
      
</testsuite>
